20:22:10,370 FATAL main Client:afterUnmarshal:83 - Client failed on start!
java.rmi.ConnectException: Connection refused to host: 192.168.0.100; nested exception is: 
	java.net.ConnectException: Connection refused: connect
	at sun.rmi.transport.tcp.TCPEndpoint.newSocket(TCPEndpoint.java:619)
	at sun.rmi.transport.tcp.TCPChannel.createConnection(TCPChannel.java:216)
	at sun.rmi.transport.tcp.TCPChannel.newConnection(TCPChannel.java:202)
	at sun.rmi.server.UnicastRef.newCall(UnicastRef.java:342)
	at sun.rmi.registry.RegistryImpl_Stub.lookup(Unknown Source)
	at model.client.Client.importRemote(Client.java:95)
	at model.client.Client.afterUnmarshal(Client.java:81)
	at sun.reflect.NativeMethodAccessorImpl.invoke0(Native Method)
	at sun.reflect.NativeMethodAccessorImpl.invoke(NativeMethodAccessorImpl.java:62)
	at sun.reflect.DelegatingMethodAccessorImpl.invoke(DelegatingMethodAccessorImpl.java:43)
	at java.lang.reflect.Method.invoke(Method.java:498)
	at com.sun.xml.internal.bind.v2.runtime.JaxBeanInfo.invokeUnmarshallCallback(JaxBeanInfo.java:541)
	at com.sun.xml.internal.bind.v2.runtime.JaxBeanInfo.invokeAfterUnmarshalMethod(JaxBeanInfo.java:536)
	at com.sun.xml.internal.bind.v2.runtime.unmarshaller.Loader.fireAfterUnmarshal(Loader.java:218)
	at com.sun.xml.internal.bind.v2.runtime.unmarshaller.StructureLoader.leaveElement(StructureLoader.java:265)
	at com.sun.xml.internal.bind.v2.runtime.unmarshaller.UnmarshallingContext.endElement(UnmarshallingContext.java:585)
	at com.sun.xml.internal.bind.v2.runtime.unmarshaller.SAXConnector.endElement(SAXConnector.java:165)
	at com.sun.org.apache.xerces.internal.parsers.AbstractSAXParser.endElement(AbstractSAXParser.java:609)
	at com.sun.org.apache.xerces.internal.impl.XMLDocumentFragmentScannerImpl.scanEndElement(XMLDocumentFragmentScannerImpl.java:1782)
	at com.sun.org.apache.xerces.internal.impl.XMLDocumentFragmentScannerImpl$FragmentContentDriver.next(XMLDocumentFragmentScannerImpl.java:2967)
	at com.sun.org.apache.xerces.internal.impl.XMLDocumentScannerImpl.next(XMLDocumentScannerImpl.java:602)
	at com.sun.org.apache.xerces.internal.impl.XMLNSDocumentScannerImpl.next(XMLNSDocumentScannerImpl.java:112)
	at com.sun.org.apache.xerces.internal.impl.XMLDocumentFragmentScannerImpl.scanDocument(XMLDocumentFragmentScannerImpl.java:505)
	at com.sun.org.apache.xerces.internal.parsers.XML11Configuration.parse(XML11Configuration.java:841)
	at com.sun.org.apache.xerces.internal.parsers.XML11Configuration.parse(XML11Configuration.java:770)
	at com.sun.org.apache.xerces.internal.parsers.XMLParser.parse(XMLParser.java:141)
	at com.sun.org.apache.xerces.internal.parsers.AbstractSAXParser.parse(AbstractSAXParser.java:1213)
	at com.sun.org.apache.xerces.internal.jaxp.SAXParserImpl$JAXPSAXParser.parse(SAXParserImpl.java:643)
	at com.sun.xml.internal.bind.v2.runtime.unmarshaller.UnmarshallerImpl.unmarshal0(UnmarshallerImpl.java:243)
	at com.sun.xml.internal.bind.v2.runtime.unmarshaller.UnmarshallerImpl.unmarshal(UnmarshallerImpl.java:214)
	at javax.xml.bind.helpers.AbstractUnmarshallerImpl.unmarshal(AbstractUnmarshallerImpl.java:157)
	at javax.xml.bind.helpers.AbstractUnmarshallerImpl.unmarshal(AbstractUnmarshallerImpl.java:162)
	at javax.xml.bind.helpers.AbstractUnmarshallerImpl.unmarshal(AbstractUnmarshallerImpl.java:171)
	at javax.xml.bind.helpers.AbstractUnmarshallerImpl.unmarshal(AbstractUnmarshallerImpl.java:189)
	at model.client.Client.main(Client.java:134)
Caused by: java.net.ConnectException: Connection refused: connect
	at java.net.DualStackPlainSocketImpl.connect0(Native Method)
	at java.net.DualStackPlainSocketImpl.socketConnect(DualStackPlainSocketImpl.java:79)
	at java.net.AbstractPlainSocketImpl.doConnect(AbstractPlainSocketImpl.java:350)
	at java.net.AbstractPlainSocketImpl.connectToAddress(AbstractPlainSocketImpl.java:206)
	at java.net.AbstractPlainSocketImpl.connect(AbstractPlainSocketImpl.java:188)
	at java.net.PlainSocketImpl.connect(PlainSocketImpl.java:172)
	at java.net.SocksSocketImpl.connect(SocksSocketImpl.java:392)
	at java.net.Socket.connect(Socket.java:589)
	at java.net.Socket.connect(Socket.java:538)
	at java.net.Socket.<init>(Socket.java:434)
	at java.net.Socket.<init>(Socket.java:211)
	at sun.rmi.transport.proxy.RMIDirectSocketFactory.createSocket(RMIDirectSocketFactory.java:40)
	at sun.rmi.transport.proxy.RMIMasterSocketFactory.createSocket(RMIMasterSocketFactory.java:148)
	at sun.rmi.transport.tcp.TCPEndpoint.newSocket(TCPEndpoint.java:613)
	... 34 more
20:22:10,394 FATAL main Client:main:136 - Unable to instantiate client
javax.xml.bind.UnmarshalException
 - with linked exception:
[java.lang.reflect.InvocationTargetException]
	at com.sun.xml.internal.bind.v2.runtime.unmarshaller.UnmarshallingContext.handleEvent(UnmarshallingContext.java:726)
	at com.sun.xml.internal.bind.v2.runtime.unmarshaller.UnmarshallingContext.handleError(UnmarshallingContext.java:753)
	at com.sun.xml.internal.bind.v2.runtime.JaxBeanInfo.invokeUnmarshallCallback(JaxBeanInfo.java:545)
	at com.sun.xml.internal.bind.v2.runtime.JaxBeanInfo.invokeAfterUnmarshalMethod(JaxBeanInfo.java:536)
	at com.sun.xml.internal.bind.v2.runtime.unmarshaller.Loader.fireAfterUnmarshal(Loader.java:218)
	at com.sun.xml.internal.bind.v2.runtime.unmarshaller.StructureLoader.leaveElement(StructureLoader.java:265)
	at com.sun.xml.internal.bind.v2.runtime.unmarshaller.UnmarshallingContext.endElement(UnmarshallingContext.java:585)
	at com.sun.xml.internal.bind.v2.runtime.unmarshaller.SAXConnector.endElement(SAXConnector.java:165)
	at com.sun.org.apache.xerces.internal.parsers.AbstractSAXParser.endElement(AbstractSAXParser.java:609)
	at com.sun.org.apache.xerces.internal.impl.XMLDocumentFragmentScannerImpl.scanEndElement(XMLDocumentFragmentScannerImpl.java:1782)
	at com.sun.org.apache.xerces.internal.impl.XMLDocumentFragmentScannerImpl$FragmentContentDriver.next(XMLDocumentFragmentScannerImpl.java:2967)
	at com.sun.org.apache.xerces.internal.impl.XMLDocumentScannerImpl.next(XMLDocumentScannerImpl.java:602)
	at com.sun.org.apache.xerces.internal.impl.XMLNSDocumentScannerImpl.next(XMLNSDocumentScannerImpl.java:112)
	at com.sun.org.apache.xerces.internal.impl.XMLDocumentFragmentScannerImpl.scanDocument(XMLDocumentFragmentScannerImpl.java:505)
	at com.sun.org.apache.xerces.internal.parsers.XML11Configuration.parse(XML11Configuration.java:841)
	at com.sun.org.apache.xerces.internal.parsers.XML11Configuration.parse(XML11Configuration.java:770)
	at com.sun.org.apache.xerces.internal.parsers.XMLParser.parse(XMLParser.java:141)
	at com.sun.org.apache.xerces.internal.parsers.AbstractSAXParser.parse(AbstractSAXParser.java:1213)
	at com.sun.org.apache.xerces.internal.jaxp.SAXParserImpl$JAXPSAXParser.parse(SAXParserImpl.java:643)
	at com.sun.xml.internal.bind.v2.runtime.unmarshaller.UnmarshallerImpl.unmarshal0(UnmarshallerImpl.java:243)
	at com.sun.xml.internal.bind.v2.runtime.unmarshaller.UnmarshallerImpl.unmarshal(UnmarshallerImpl.java:214)
	at javax.xml.bind.helpers.AbstractUnmarshallerImpl.unmarshal(AbstractUnmarshallerImpl.java:157)
	at javax.xml.bind.helpers.AbstractUnmarshallerImpl.unmarshal(AbstractUnmarshallerImpl.java:162)
	at javax.xml.bind.helpers.AbstractUnmarshallerImpl.unmarshal(AbstractUnmarshallerImpl.java:171)
	at javax.xml.bind.helpers.AbstractUnmarshallerImpl.unmarshal(AbstractUnmarshallerImpl.java:189)
	at model.client.Client.main(Client.java:134)
Caused by: java.lang.reflect.InvocationTargetException
	at sun.reflect.NativeMethodAccessorImpl.invoke0(Native Method)
	at sun.reflect.NativeMethodAccessorImpl.invoke(NativeMethodAccessorImpl.java:62)
	at sun.reflect.DelegatingMethodAccessorImpl.invoke(DelegatingMethodAccessorImpl.java:43)
	at java.lang.reflect.Method.invoke(Method.java:498)
	at com.sun.xml.internal.bind.v2.runtime.JaxBeanInfo.invokeUnmarshallCallback(JaxBeanInfo.java:541)
	... 23 more
Caused by: java.lang.RuntimeException: Client failed on start
	at model.client.Client.afterUnmarshal(Client.java:84)
	... 28 more
Caused by: java.rmi.ConnectException: Connection refused to host: 192.168.0.100; nested exception is: 
	java.net.ConnectException: Connection refused: connect
	at sun.rmi.transport.tcp.TCPEndpoint.newSocket(TCPEndpoint.java:619)
	at sun.rmi.transport.tcp.TCPChannel.createConnection(TCPChannel.java:216)
	at sun.rmi.transport.tcp.TCPChannel.newConnection(TCPChannel.java:202)
	at sun.rmi.server.UnicastRef.newCall(UnicastRef.java:342)
	at sun.rmi.registry.RegistryImpl_Stub.lookup(Unknown Source)
	at model.client.Client.importRemote(Client.java:95)
	at model.client.Client.afterUnmarshal(Client.java:81)
	... 28 more
Caused by: java.net.ConnectException: Connection refused: connect
	at java.net.DualStackPlainSocketImpl.connect0(Native Method)
	at java.net.DualStackPlainSocketImpl.socketConnect(DualStackPlainSocketImpl.java:79)
	at java.net.AbstractPlainSocketImpl.doConnect(AbstractPlainSocketImpl.java:350)
	at java.net.AbstractPlainSocketImpl.connectToAddress(AbstractPlainSocketImpl.java:206)
	at java.net.AbstractPlainSocketImpl.connect(AbstractPlainSocketImpl.java:188)
	at java.net.PlainSocketImpl.connect(PlainSocketImpl.java:172)
	at java.net.SocksSocketImpl.connect(SocksSocketImpl.java:392)
	at java.net.Socket.connect(Socket.java:589)
	at java.net.Socket.connect(Socket.java:538)
	at java.net.Socket.<init>(Socket.java:434)
	at java.net.Socket.<init>(Socket.java:211)
	at sun.rmi.transport.proxy.RMIDirectSocketFactory.createSocket(RMIDirectSocketFactory.java:40)
	at sun.rmi.transport.proxy.RMIMasterSocketFactory.createSocket(RMIMasterSocketFactory.java:148)
	at sun.rmi.transport.tcp.TCPEndpoint.newSocket(TCPEndpoint.java:613)
	... 34 more
21:46:39,351 FATAL main Server:main:174 - Unable to instantiate server
java.rmi.server.ExportException: Port already in use: 2002; nested exception is: 
	java.net.BindException: Address already in use: JVM_Bind
	at sun.rmi.transport.tcp.TCPTransport.listen(TCPTransport.java:341)
	at sun.rmi.transport.tcp.TCPTransport.exportObject(TCPTransport.java:249)
	at sun.rmi.transport.tcp.TCPEndpoint.exportObject(TCPEndpoint.java:411)
	at sun.rmi.transport.LiveRef.exportObject(LiveRef.java:147)
	at sun.rmi.server.UnicastServerRef.exportObject(UnicastServerRef.java:234)
	at sun.rmi.registry.RegistryImpl.setup(RegistryImpl.java:195)
	at sun.rmi.registry.RegistryImpl.<init>(RegistryImpl.java:180)
	at java.rmi.registry.LocateRegistry.createRegistry(LocateRegistry.java:203)
	at model.server.Server.exportRemote(Server.java:112)
	at model.server.Server.main(Server.java:172)
Caused by: java.net.BindException: Address already in use: JVM_Bind
	at java.net.DualStackPlainSocketImpl.bind0(Native Method)
	at java.net.DualStackPlainSocketImpl.socketBind(DualStackPlainSocketImpl.java:106)
	at java.net.AbstractPlainSocketImpl.bind(AbstractPlainSocketImpl.java:387)
	at java.net.PlainSocketImpl.bind(PlainSocketImpl.java:190)
	at java.net.ServerSocket.bind(ServerSocket.java:375)
	at java.net.ServerSocket.<init>(ServerSocket.java:237)
	at java.net.ServerSocket.<init>(ServerSocket.java:128)
	at sun.rmi.transport.proxy.RMIDirectSocketFactory.createServerSocket(RMIDirectSocketFactory.java:45)
	at sun.rmi.transport.proxy.RMIMasterSocketFactory.createServerSocket(RMIMasterSocketFactory.java:345)
	at sun.rmi.transport.tcp.TCPEndpoint.newServerSocket(TCPEndpoint.java:666)
	at sun.rmi.transport.tcp.TCPTransport.listen(TCPTransport.java:330)
	... 9 more
21:46:49,915 FATAL main Client:afterUnmarshal:83 - Client failed on start!
java.rmi.ConnectException: Connection refused to host: 192.168.0.100; nested exception is: 
	java.net.ConnectException: Connection refused: connect
	at sun.rmi.transport.tcp.TCPEndpoint.newSocket(TCPEndpoint.java:619)
	at sun.rmi.transport.tcp.TCPChannel.createConnection(TCPChannel.java:216)
	at sun.rmi.transport.tcp.TCPChannel.newConnection(TCPChannel.java:202)
	at sun.rmi.server.UnicastRef.newCall(UnicastRef.java:342)
	at sun.rmi.registry.RegistryImpl_Stub.lookup(Unknown Source)
	at model.client.Client.importRemote(Client.java:95)
	at model.client.Client.afterUnmarshal(Client.java:81)
	at sun.reflect.NativeMethodAccessorImpl.invoke0(Native Method)
	at sun.reflect.NativeMethodAccessorImpl.invoke(NativeMethodAccessorImpl.java:62)
	at sun.reflect.DelegatingMethodAccessorImpl.invoke(DelegatingMethodAccessorImpl.java:43)
	at java.lang.reflect.Method.invoke(Method.java:498)
	at com.sun.xml.internal.bind.v2.runtime.JaxBeanInfo.invokeUnmarshallCallback(JaxBeanInfo.java:541)
	at com.sun.xml.internal.bind.v2.runtime.JaxBeanInfo.invokeAfterUnmarshalMethod(JaxBeanInfo.java:536)
	at com.sun.xml.internal.bind.v2.runtime.unmarshaller.Loader.fireAfterUnmarshal(Loader.java:218)
	at com.sun.xml.internal.bind.v2.runtime.unmarshaller.StructureLoader.leaveElement(StructureLoader.java:265)
	at com.sun.xml.internal.bind.v2.runtime.unmarshaller.UnmarshallingContext.endElement(UnmarshallingContext.java:585)
	at com.sun.xml.internal.bind.v2.runtime.unmarshaller.SAXConnector.endElement(SAXConnector.java:165)
	at com.sun.org.apache.xerces.internal.parsers.AbstractSAXParser.endElement(AbstractSAXParser.java:609)
	at com.sun.org.apache.xerces.internal.impl.XMLDocumentFragmentScannerImpl.scanEndElement(XMLDocumentFragmentScannerImpl.java:1782)
	at com.sun.org.apache.xerces.internal.impl.XMLDocumentFragmentScannerImpl$FragmentContentDriver.next(XMLDocumentFragmentScannerImpl.java:2967)
	at com.sun.org.apache.xerces.internal.impl.XMLDocumentScannerImpl.next(XMLDocumentScannerImpl.java:602)
	at com.sun.org.apache.xerces.internal.impl.XMLNSDocumentScannerImpl.next(XMLNSDocumentScannerImpl.java:112)
	at com.sun.org.apache.xerces.internal.impl.XMLDocumentFragmentScannerImpl.scanDocument(XMLDocumentFragmentScannerImpl.java:505)
	at com.sun.org.apache.xerces.internal.parsers.XML11Configuration.parse(XML11Configuration.java:841)
	at com.sun.org.apache.xerces.internal.parsers.XML11Configuration.parse(XML11Configuration.java:770)
	at com.sun.org.apache.xerces.internal.parsers.XMLParser.parse(XMLParser.java:141)
	at com.sun.org.apache.xerces.internal.parsers.AbstractSAXParser.parse(AbstractSAXParser.java:1213)
	at com.sun.org.apache.xerces.internal.jaxp.SAXParserImpl$JAXPSAXParser.parse(SAXParserImpl.java:643)
	at com.sun.xml.internal.bind.v2.runtime.unmarshaller.UnmarshallerImpl.unmarshal0(UnmarshallerImpl.java:243)
	at com.sun.xml.internal.bind.v2.runtime.unmarshaller.UnmarshallerImpl.unmarshal(UnmarshallerImpl.java:214)
	at javax.xml.bind.helpers.AbstractUnmarshallerImpl.unmarshal(AbstractUnmarshallerImpl.java:157)
	at javax.xml.bind.helpers.AbstractUnmarshallerImpl.unmarshal(AbstractUnmarshallerImpl.java:162)
	at javax.xml.bind.helpers.AbstractUnmarshallerImpl.unmarshal(AbstractUnmarshallerImpl.java:171)
	at javax.xml.bind.helpers.AbstractUnmarshallerImpl.unmarshal(AbstractUnmarshallerImpl.java:189)
	at model.client.Client.main(Client.java:134)
Caused by: java.net.ConnectException: Connection refused: connect
	at java.net.DualStackPlainSocketImpl.connect0(Native Method)
	at java.net.DualStackPlainSocketImpl.socketConnect(DualStackPlainSocketImpl.java:79)
	at java.net.AbstractPlainSocketImpl.doConnect(AbstractPlainSocketImpl.java:350)
	at java.net.AbstractPlainSocketImpl.connectToAddress(AbstractPlainSocketImpl.java:206)
	at java.net.AbstractPlainSocketImpl.connect(AbstractPlainSocketImpl.java:188)
	at java.net.PlainSocketImpl.connect(PlainSocketImpl.java:172)
	at java.net.SocksSocketImpl.connect(SocksSocketImpl.java:392)
	at java.net.Socket.connect(Socket.java:589)
	at java.net.Socket.connect(Socket.java:538)
	at java.net.Socket.<init>(Socket.java:434)
	at java.net.Socket.<init>(Socket.java:211)
	at sun.rmi.transport.proxy.RMIDirectSocketFactory.createSocket(RMIDirectSocketFactory.java:40)
	at sun.rmi.transport.proxy.RMIMasterSocketFactory.createSocket(RMIMasterSocketFactory.java:148)
	at sun.rmi.transport.tcp.TCPEndpoint.newSocket(TCPEndpoint.java:613)
	... 34 more
21:46:49,931 FATAL main Client:main:136 - Unable to instantiate client
javax.xml.bind.UnmarshalException
 - with linked exception:
[java.lang.reflect.InvocationTargetException]
	at com.sun.xml.internal.bind.v2.runtime.unmarshaller.UnmarshallingContext.handleEvent(UnmarshallingContext.java:726)
	at com.sun.xml.internal.bind.v2.runtime.unmarshaller.UnmarshallingContext.handleError(UnmarshallingContext.java:753)
	at com.sun.xml.internal.bind.v2.runtime.JaxBeanInfo.invokeUnmarshallCallback(JaxBeanInfo.java:545)
	at com.sun.xml.internal.bind.v2.runtime.JaxBeanInfo.invokeAfterUnmarshalMethod(JaxBeanInfo.java:536)
	at com.sun.xml.internal.bind.v2.runtime.unmarshaller.Loader.fireAfterUnmarshal(Loader.java:218)
	at com.sun.xml.internal.bind.v2.runtime.unmarshaller.StructureLoader.leaveElement(StructureLoader.java:265)
	at com.sun.xml.internal.bind.v2.runtime.unmarshaller.UnmarshallingContext.endElement(UnmarshallingContext.java:585)
	at com.sun.xml.internal.bind.v2.runtime.unmarshaller.SAXConnector.endElement(SAXConnector.java:165)
	at com.sun.org.apache.xerces.internal.parsers.AbstractSAXParser.endElement(AbstractSAXParser.java:609)
	at com.sun.org.apache.xerces.internal.impl.XMLDocumentFragmentScannerImpl.scanEndElement(XMLDocumentFragmentScannerImpl.java:1782)
	at com.sun.org.apache.xerces.internal.impl.XMLDocumentFragmentScannerImpl$FragmentContentDriver.next(XMLDocumentFragmentScannerImpl.java:2967)
	at com.sun.org.apache.xerces.internal.impl.XMLDocumentScannerImpl.next(XMLDocumentScannerImpl.java:602)
	at com.sun.org.apache.xerces.internal.impl.XMLNSDocumentScannerImpl.next(XMLNSDocumentScannerImpl.java:112)
	at com.sun.org.apache.xerces.internal.impl.XMLDocumentFragmentScannerImpl.scanDocument(XMLDocumentFragmentScannerImpl.java:505)
	at com.sun.org.apache.xerces.internal.parsers.XML11Configuration.parse(XML11Configuration.java:841)
	at com.sun.org.apache.xerces.internal.parsers.XML11Configuration.parse(XML11Configuration.java:770)
	at com.sun.org.apache.xerces.internal.parsers.XMLParser.parse(XMLParser.java:141)
	at com.sun.org.apache.xerces.internal.parsers.AbstractSAXParser.parse(AbstractSAXParser.java:1213)
	at com.sun.org.apache.xerces.internal.jaxp.SAXParserImpl$JAXPSAXParser.parse(SAXParserImpl.java:643)
	at com.sun.xml.internal.bind.v2.runtime.unmarshaller.UnmarshallerImpl.unmarshal0(UnmarshallerImpl.java:243)
	at com.sun.xml.internal.bind.v2.runtime.unmarshaller.UnmarshallerImpl.unmarshal(UnmarshallerImpl.java:214)
	at javax.xml.bind.helpers.AbstractUnmarshallerImpl.unmarshal(AbstractUnmarshallerImpl.java:157)
	at javax.xml.bind.helpers.AbstractUnmarshallerImpl.unmarshal(AbstractUnmarshallerImpl.java:162)
	at javax.xml.bind.helpers.AbstractUnmarshallerImpl.unmarshal(AbstractUnmarshallerImpl.java:171)
	at javax.xml.bind.helpers.AbstractUnmarshallerImpl.unmarshal(AbstractUnmarshallerImpl.java:189)
	at model.client.Client.main(Client.java:134)
Caused by: java.lang.reflect.InvocationTargetException
	at sun.reflect.NativeMethodAccessorImpl.invoke0(Native Method)
	at sun.reflect.NativeMethodAccessorImpl.invoke(NativeMethodAccessorImpl.java:62)
	at sun.reflect.DelegatingMethodAccessorImpl.invoke(DelegatingMethodAccessorImpl.java:43)
	at java.lang.reflect.Method.invoke(Method.java:498)
	at com.sun.xml.internal.bind.v2.runtime.JaxBeanInfo.invokeUnmarshallCallback(JaxBeanInfo.java:541)
	... 23 more
Caused by: java.lang.RuntimeException: Client failed on start
	at model.client.Client.afterUnmarshal(Client.java:84)
	... 28 more
Caused by: java.rmi.ConnectException: Connection refused to host: 192.168.0.100; nested exception is: 
	java.net.ConnectException: Connection refused: connect
	at sun.rmi.transport.tcp.TCPEndpoint.newSocket(TCPEndpoint.java:619)
	at sun.rmi.transport.tcp.TCPChannel.createConnection(TCPChannel.java:216)
	at sun.rmi.transport.tcp.TCPChannel.newConnection(TCPChannel.java:202)
	at sun.rmi.server.UnicastRef.newCall(UnicastRef.java:342)
	at sun.rmi.registry.RegistryImpl_Stub.lookup(Unknown Source)
	at model.client.Client.importRemote(Client.java:95)
	at model.client.Client.afterUnmarshal(Client.java:81)
	... 28 more
Caused by: java.net.ConnectException: Connection refused: connect
	at java.net.DualStackPlainSocketImpl.connect0(Native Method)
	at java.net.DualStackPlainSocketImpl.socketConnect(DualStackPlainSocketImpl.java:79)
	at java.net.AbstractPlainSocketImpl.doConnect(AbstractPlainSocketImpl.java:350)
	at java.net.AbstractPlainSocketImpl.connectToAddress(AbstractPlainSocketImpl.java:206)
	at java.net.AbstractPlainSocketImpl.connect(AbstractPlainSocketImpl.java:188)
	at java.net.PlainSocketImpl.connect(PlainSocketImpl.java:172)
	at java.net.SocksSocketImpl.connect(SocksSocketImpl.java:392)
	at java.net.Socket.connect(Socket.java:589)
	at java.net.Socket.connect(Socket.java:538)
	at java.net.Socket.<init>(Socket.java:434)
	at java.net.Socket.<init>(Socket.java:211)
	at sun.rmi.transport.proxy.RMIDirectSocketFactory.createSocket(RMIDirectSocketFactory.java:40)
	at sun.rmi.transport.proxy.RMIMasterSocketFactory.createSocket(RMIMasterSocketFactory.java:148)
	at sun.rmi.transport.tcp.TCPEndpoint.newSocket(TCPEndpoint.java:613)
	... 34 more
23:14:28,063 FATAL main Server:main:174 - Unable to instantiate server
javax.xml.bind.UnmarshalException
 - with linked exception:
[java.lang.reflect.InvocationTargetException]
	at com.sun.xml.internal.bind.v2.runtime.unmarshaller.UnmarshallingContext.handleEvent(UnmarshallingContext.java:726)
	at com.sun.xml.internal.bind.v2.runtime.unmarshaller.UnmarshallingContext.handleError(UnmarshallingContext.java:753)
	at com.sun.xml.internal.bind.v2.runtime.JaxBeanInfo.invokeUnmarshallCallback(JaxBeanInfo.java:545)
	at com.sun.xml.internal.bind.v2.runtime.JaxBeanInfo.invokeAfterUnmarshalMethod(JaxBeanInfo.java:536)
	at com.sun.xml.internal.bind.v2.runtime.unmarshaller.Loader.fireAfterUnmarshal(Loader.java:218)
	at com.sun.xml.internal.bind.v2.runtime.unmarshaller.StructureLoader.leaveElement(StructureLoader.java:265)
	at com.sun.xml.internal.bind.v2.runtime.unmarshaller.UnmarshallingContext.endElement(UnmarshallingContext.java:585)
	at com.sun.xml.internal.bind.v2.runtime.unmarshaller.SAXConnector.endElement(SAXConnector.java:165)
	at com.sun.org.apache.xerces.internal.parsers.AbstractSAXParser.endElement(AbstractSAXParser.java:609)
	at com.sun.org.apache.xerces.internal.impl.XMLDocumentFragmentScannerImpl.scanEndElement(XMLDocumentFragmentScannerImpl.java:1782)
	at com.sun.org.apache.xerces.internal.impl.XMLDocumentFragmentScannerImpl$FragmentContentDriver.next(XMLDocumentFragmentScannerImpl.java:2967)
	at com.sun.org.apache.xerces.internal.impl.XMLDocumentScannerImpl.next(XMLDocumentScannerImpl.java:602)
	at com.sun.org.apache.xerces.internal.impl.XMLNSDocumentScannerImpl.next(XMLNSDocumentScannerImpl.java:112)
	at com.sun.org.apache.xerces.internal.impl.XMLDocumentFragmentScannerImpl.scanDocument(XMLDocumentFragmentScannerImpl.java:505)
	at com.sun.org.apache.xerces.internal.parsers.XML11Configuration.parse(XML11Configuration.java:841)
	at com.sun.org.apache.xerces.internal.parsers.XML11Configuration.parse(XML11Configuration.java:770)
	at com.sun.org.apache.xerces.internal.parsers.XMLParser.parse(XMLParser.java:141)
	at com.sun.org.apache.xerces.internal.parsers.AbstractSAXParser.parse(AbstractSAXParser.java:1213)
	at com.sun.org.apache.xerces.internal.jaxp.SAXParserImpl$JAXPSAXParser.parse(SAXParserImpl.java:643)
	at com.sun.xml.internal.bind.v2.runtime.unmarshaller.UnmarshallerImpl.unmarshal0(UnmarshallerImpl.java:243)
	at com.sun.xml.internal.bind.v2.runtime.unmarshaller.UnmarshallerImpl.unmarshal(UnmarshallerImpl.java:214)
	at javax.xml.bind.helpers.AbstractUnmarshallerImpl.unmarshal(AbstractUnmarshallerImpl.java:157)
	at javax.xml.bind.helpers.AbstractUnmarshallerImpl.unmarshal(AbstractUnmarshallerImpl.java:162)
	at javax.xml.bind.helpers.AbstractUnmarshallerImpl.unmarshal(AbstractUnmarshallerImpl.java:171)
	at javax.xml.bind.helpers.AbstractUnmarshallerImpl.unmarshal(AbstractUnmarshallerImpl.java:189)
	at model.server.Server.main(Server.java:171)
Caused by: java.lang.reflect.InvocationTargetException
	at sun.reflect.NativeMethodAccessorImpl.invoke0(Native Method)
	at sun.reflect.NativeMethodAccessorImpl.invoke(NativeMethodAccessorImpl.java:62)
	at sun.reflect.DelegatingMethodAccessorImpl.invoke(DelegatingMethodAccessorImpl.java:43)
	at java.lang.reflect.Method.invoke(Method.java:498)
	at com.sun.xml.internal.bind.v2.runtime.JaxBeanInfo.invokeUnmarshallCallback(JaxBeanInfo.java:541)
	... 23 more
Caused by: java.lang.RuntimeException: Port failed while exporting remotes
	at model.server.portsystem.Port.afterUnmarshal(Port.java:77)
	... 28 more
Caused by: java.rmi.server.ExportException: remote object implements illegal remote interface; nested exception is: 
	java.lang.IllegalArgumentException: illegal remote method encountered: public abstract void model.server.interfaces.targetareas.OrdersDeliveryArea.putOrder(model.server.pdcsystem.contracts.TransportContract,java.util.Collection) throws model.server.exceptions.CapacityViolationException
	at sun.rmi.server.UnicastServerRef.exportObject(UnicastServerRef.java:225)
	at java.rmi.server.UnicastRemoteObject.exportObject(UnicastRemoteObject.java:383)
	at java.rmi.server.UnicastRemoteObject.exportObject(UnicastRemoteObject.java:320)
	at model.server.portsystem.Pier.exportRemote(Pier.java:95)
	at model.server.portsystem.Port.afterUnmarshal(Port.java:74)
	... 28 more
Caused by: java.lang.IllegalArgumentException: illegal remote method encountered: public abstract void model.server.interfaces.targetareas.OrdersDeliveryArea.putOrder(model.server.pdcsystem.contracts.TransportContract,java.util.Collection) throws model.server.exceptions.CapacityViolationException
	at sun.rmi.server.Util.checkMethod(Util.java:267)
	at sun.rmi.server.Util.getRemoteInterfaces(Util.java:246)
	at sun.rmi.server.Util.getRemoteInterfaces(Util.java:216)
	at sun.rmi.server.Util.createProxy(Util.java:146)
	at sun.rmi.server.UnicastServerRef.exportObject(UnicastServerRef.java:223)
	... 32 more
23:19:53,822 FATAL main Client:run:111 - Client server failed while starting
java.rmi.server.ExportException: remote object implements illegal remote interface; nested exception is: 
	java.lang.IllegalArgumentException: illegal remote method encountered: public default org.jscience.physics.amount.Amount model.server.interfaces.parties.Carrier.getCarrying()
	at sun.rmi.server.UnicastServerRef.exportObject(UnicastServerRef.java:225)
	at java.rmi.server.UnicastRemoteObject.exportObject(UnicastRemoteObject.java:383)
	at java.rmi.server.UnicastRemoteObject.exportObject(UnicastRemoteObject.java:320)
	at model.client.Client.exportRemote(Client.java:98)
	at model.client.Client.run(Client.java:108)
	at model.client.Client.main(Client.java:142)
Caused by: java.lang.IllegalArgumentException: illegal remote method encountered: public default org.jscience.physics.amount.Amount model.server.interfaces.parties.Carrier.getCarrying()
	at sun.rmi.server.Util.checkMethod(Util.java:267)
	at sun.rmi.server.Util.getRemoteInterfaces(Util.java:246)
	at sun.rmi.server.Util.getRemoteInterfaces(Util.java:216)
	at sun.rmi.server.Util.createProxy(Util.java:146)
	at sun.rmi.server.UnicastServerRef.exportObject(UnicastServerRef.java:223)
	... 5 more
23:26:02,617 FATAL main Client:run:111 - Client server failed while starting
java.rmi.server.ExportException: remote object implements illegal remote interface; nested exception is: 
	java.lang.IllegalArgumentException: illegal remote method encountered: public abstract model.client.ship.rating.Rating model.client.interfaces.Assessable.getRating()
	at sun.rmi.server.UnicastServerRef.exportObject(UnicastServerRef.java:225)
	at java.rmi.server.UnicastRemoteObject.exportObject(UnicastRemoteObject.java:383)
	at java.rmi.server.UnicastRemoteObject.exportObject(UnicastRemoteObject.java:320)
	at model.client.Client.exportRemote(Client.java:98)
	at model.client.Client.run(Client.java:108)
	at model.client.Client.main(Client.java:142)
Caused by: java.lang.IllegalArgumentException: illegal remote method encountered: public abstract model.client.ship.rating.Rating model.client.interfaces.Assessable.getRating()
	at sun.rmi.server.Util.checkMethod(Util.java:267)
	at sun.rmi.server.Util.getRemoteInterfaces(Util.java:246)
	at sun.rmi.server.Util.getRemoteInterfaces(Util.java:216)
	at sun.rmi.server.Util.createProxy(Util.java:146)
	at sun.rmi.server.UnicastServerRef.exportObject(UnicastServerRef.java:223)
	... 5 more
23:27:35,397 FATAL main Client:run:111 - Client server failed while starting
java.rmi.server.ExportException: remote object implements illegal remote interface; nested exception is: 
	java.lang.IllegalArgumentException: illegal remote method encountered: public abstract int java.lang.Comparable.compareTo(java.lang.Object)
	at sun.rmi.server.UnicastServerRef.exportObject(UnicastServerRef.java:225)
	at java.rmi.server.UnicastRemoteObject.exportObject(UnicastRemoteObject.java:383)
	at java.rmi.server.UnicastRemoteObject.exportObject(UnicastRemoteObject.java:320)
	at model.client.Client.exportRemote(Client.java:98)
	at model.client.Client.run(Client.java:108)
	at model.client.Client.main(Client.java:142)
Caused by: java.lang.IllegalArgumentException: illegal remote method encountered: public abstract int java.lang.Comparable.compareTo(java.lang.Object)
	at sun.rmi.server.Util.checkMethod(Util.java:267)
	at sun.rmi.server.Util.getRemoteInterfaces(Util.java:246)
	at sun.rmi.server.Util.getRemoteInterfaces(Util.java:216)
	at sun.rmi.server.Util.createProxy(Util.java:146)
	at sun.rmi.server.UnicastServerRef.exportObject(UnicastServerRef.java:223)
	... 5 more
